<?xml version="1.0" encoding="UTF-8"?>
<robot generator="Robot 3.1.2 (Python 3.8.1 on win32)" generated="20200216 10:15:28.064" rpa="false">
<suite id="s1" name="TeaCompany" source="C:\Users\MASAFI\Desktop\Tools\Eclipse\TeaCompany">
<suite id="s1-s1" name="ClosingSingleOrMultipleBrowser" source="C:\Users\MASAFI\Desktop\Tools\Eclipse\TeaCompany\ClosingSingleOrMultipleBrowser">
<suite id="s1-s1-s1" name="BrowserFunction" source="C:\Users\MASAFI\Desktop\Tools\Eclipse\TeaCompany\ClosingSingleOrMultipleBrowser\BrowserFunction.robot">
<test id="s1-s1-s1-t1" name="youtube">
<kw name="Open Browser" library="SeleniumLibrary">
<doc>Opens a new browser instance to the optional ``url``.</doc>
<arguments>
<arg>https://www.youtube.com/watch?v=qqbgRXlX4w0</arg>
<arg>chrome</arg>
</arguments>
<msg timestamp="20200216 10:15:28.408" level="INFO">Opening browser 'chrome' to base url 'https://www.youtube.com/watch?v=qqbgRXlX4w0'.</msg>
<status status="PASS" starttime="20200216 10:15:28.408" endtime="20200216 10:15:36.917"></status>
</kw>
<kw name="Get All Links" library="SeleniumLibrary">
<doc>Returns a list containing ids of all links found in current page.</doc>
<assign>
<var>${links}</var>
</assign>
<msg timestamp="20200216 10:15:37.152" level="INFO">${links} = ['', '', 'logo', '', 'logo', '', '', '', '', '', '', '', '', '', 'thumbnail']</msg>
<status status="PASS" starttime="20200216 10:15:36.921" endtime="20200216 10:15:37.152"></status>
</kw>
<kw name="Log To Console" library="BuiltIn">
<doc>Logs the given message to the console.</doc>
<arguments>
<arg>${links}</arg>
</arguments>
<status status="PASS" starttime="20200216 10:15:37.153" endtime="20200216 10:15:37.153"></status>
</kw>
<kw name="Close All Browsers" library="SeleniumLibrary">
<doc>Closes all open browsers and resets the browser cache.</doc>
<status status="PASS" starttime="20200216 10:15:37.154" endtime="20200216 10:15:40.021"></status>
</kw>
<status status="PASS" starttime="20200216 10:15:28.406" endtime="20200216 10:15:40.022" critical="yes"></status>
</test>
<status status="PASS" starttime="20200216 10:15:28.138" endtime="20200216 10:15:40.024"></status>
</suite>
<status status="PASS" starttime="20200216 10:15:28.137" endtime="20200216 10:15:40.030"></status>
</suite>
<status status="PASS" starttime="20200216 10:15:28.107" endtime="20200216 10:15:40.033"></status>
</suite>
<statistics>
<total>
<stat pass="1" fail="0">Critical Tests</stat>
<stat pass="1" fail="0">All Tests</stat>
</total>
<tag>
</tag>
<suite>
<stat pass="1" fail="0" id="s1" name="TeaCompany">TeaCompany</stat>
<stat pass="1" fail="0" id="s1-s1" name="ClosingSingleOrMultipleBrowser">TeaCompany.ClosingSingleOrMultipleBrowser</stat>
<stat pass="1" fail="0" id="s1-s1-s1" name="BrowserFunction">TeaCompany.ClosingSingleOrMultipleBrowser.BrowserFunction</stat>
</suite>
</statistics>
<errors>
</errors>
</robot>
